# JRE version: 7.0_09-b05
# Java VM: Java HotSpot(TM) 64-Bit Server VM (23.5-b02 mixed mode bsd-amd64 compressed oops)
Heap
 def new generation   total 51072K, used 4745K [0x00000007e4c00000, 0x00000007e8360000, 0x00000007ec200000)
  eden space 45440K,   3% used [0x00000007e4c00000, 0x00000007e4dc0d08, 0x00000007e7860000)
  from space 5632K,  52% used [0x00000007e7860000, 0x00000007e7b418e0, 0x00000007e7de0000)
  to   space 5632K,   0% used [0x00000007e7de0000, 0x00000007e7de0000, 0x00000007e8360000)
 tenured generation   total 113324K, used 97761K [0x00000007ec200000, 0x00000007f30ab000, 0x00000007fae00000)
   the space 113324K,  86% used [0x00000007ec200000, 0x00000007f21784f8, 0x00000007f2178600, 0x00000007f30ab000)
 compacting perm gen  total 22528K, used 22373K [0x00000007fae00000, 0x00000007fc400000, 0x0000000800000000)
   the space 22528K,  99% used [0x00000007fae00000, 0x00000007fc3d96e8, 0x00000007fc3d9800, 0x00000007fc400000)
GC Heap History (10 events):
Event: 14046.300 GC heap before
{Heap before GC invocations=793 (full 25):
 def new generation   total 51072K, used 49008K [0x00000007e4c00000, 0x00000007e8360000, 0x00000007ec200000)
  eden space 45440K, 100% used [0x00000007e4c00000, 0x00000007e7860000, 0x00000007e7860000)
  from space 5632K,  63% used [0x00000007e7de0000, 0x00000007e815c160, 0x00000007e8360000)
  to   space 5632K,   0% used [0x00000007e7860000, 0x00000007e7860000, 0x00000007e7de0000)
 tenured generation   total 113324K, used 96693K [0x00000007ec200000, 0x00000007f30ab000, 0x00000007fae00000)
   the space 113324K,  85% used [0x00000007ec200000, 0x00000007f206d5e0, 0x00000007f206d600, 0x00000007f30ab000)
 compacting perm gen  total 22528K, used 22373K [0x00000007fae00000, 0x00000007fc400000, 0x0000000800000000)
   the space 22528K,  99% used [0x00000007fae00000, 0x00000007fc3d96e8, 0x00000007fc3d9800, 0x00000007fc400000)
No shared spaces configured.
Event: 14046.307 GC heap after
Heap after GC invocations=794 (full 25):
 def new generation   total 51072K, used 2107K [0x00000007e4c00000, 0x00000007e8360000, 0x00000007ec200000)
  eden space 45440K,   0% used [0x00000007e4c00000, 0x00000007e4c00000, 0x00000007e7860000)
  from space 5632K,  37% used [0x00000007e7860000, 0x00000007e7a6ede8, 0x00000007e7de0000)
  to   space 5632K,   0% used [0x00000007e7de0000, 0x00000007e7de0000, 0x00000007e8360000)
 tenured generation   total 113324K, used 97557K [0x00000007ec200000, 0x00000007f30ab000, 0x00000007fae00000)
   the space 113324K,  86% used [0x00000007ec200000, 0x00000007f21456c8, 0x00000007f2145800, 0x00000007f30ab000)
 compacting perm gen  total 22528K, used 22373K [0x00000007fae00000, 0x00000007fc400000, 0x0000000800000000)
   the space 22528K,  99% used [0x00000007fae00000, 0x00000007fc3d96e8, 0x00000007fc3d9800, 0x00000007fc400000)
No shared spaces configured.
}
Event: 14076.107 GC heap before
{Heap before GC invocations=794 (full 25):
 def new generation   total 51072K, used 47547K [0x00000007e4c00000, 0x00000007e8360000, 0x00000007ec200000)
  eden space 45440K, 100% used [0x00000007e4c00000, 0x00000007e7860000, 0x00000007e7860000)
  from space 5632K,  37% used [0x00000007e7860000, 0x00000007e7a6ede8, 0x00000007e7de0000)
  to   space 5632K,   0% used [0x00000007e7de0000, 0x00000007e7de0000, 0x00000007e8360000)
 tenured generation   total 113324K, used 97557K [0x00000007ec200000, 0x00000007f30ab000, 0x00000007fae00000)
   the space 113324K,  86% used [0x00000007ec200000, 0x00000007f21456c8, 0x00000007f2145800, 0x00000007f30ab000)
 compacting perm gen  total 22528K, used 22373K [0x00000007fae00000, 0x00000007fc400000, 0x0000000800000000)
   the space 22528K,  99% used [0x00000007fae00000, 0x00000007fc3d96e8, 0x00000007fc3d9800, 0x00000007fc400000)
No shared spaces configured.
Event: 14076.113 GC heap after
Heap after GC invocations=795 (full 25):
 def new generation   total 51072K, used 1747K [0x00000007e4c00000, 0x00000007e8360000, 0x00000007ec200000)
  eden space 45440K,   0% used [0x00000007e4c00000, 0x00000007e4c00000, 0x00000007e7860000)
  from space 5632K,  31% used [0x00000007e7de0000, 0x00000007e7f94c48, 0x00000007e8360000)
  to   space 5632K,   0% used [0x00000007e7860000, 0x00000007e7860000, 0x00000007e7de0000)
 tenured generation   total 113324K, used 97557K [0x00000007ec200000, 0x00000007f30ab000, 0x00000007fae00000)
   the space 113324K,  86% used [0x00000007ec200000, 0x00000007f21456c8, 0x00000007f2145800, 0x00000007f30ab000)
 compacting perm gen  total 22528K, used 22373K [0x00000007fae00000, 0x00000007fc400000, 0x0000000800000000)
   the space 22528K,  99% used [0x00000007fae00000, 0x00000007fc3d96e8, 0x00000007fc3d9800, 0x00000007fc400000)
No shared spaces configured.
}
Event: 14116.208 GC heap before
{Heap before GC invocations=795 (full 25):
 def new generation   total 51072K, used 47187K [0x00000007e4c00000, 0x00000007e8360000, 0x00000007ec200000)
  eden space 45440K, 100% used [0x00000007e4c00000, 0x00000007e7860000, 0x00000007e7860000)
  from space 5632K,  31% used [0x00000007e7de0000, 0x00000007e7f94c48, 0x00000007e8360000)
  to   space 5632K,   0% used [0x00000007e7860000, 0x00000007e7860000, 0x00000007e7de0000)
 tenured generation   total 113324K, used 97557K [0x00000007ec200000, 0x00000007f30ab000, 0x00000007fae00000)
   the space 113324K,  86% used [0x00000007ec200000, 0x00000007f21456c8, 0x00000007f2145800, 0x00000007f30ab000)
 compacting perm gen  total 22528K, used 22373K [0x00000007fae00000, 0x00000007fc400000, 0x0000000800000000)
   the space 22528K,  99% used [0x00000007fae00000, 0x00000007fc3d96e8, 0x00000007fc3d9800, 0x00000007fc400000)
No shared spaces configured.
Event: 14116.218 GC heap after
Heap after GC invocations=796 (full 25):
 def new generation   total 51072K, used 2841K [0x00000007e4c00000, 0x00000007e8360000, 0x00000007ec200000)
  eden space 45440K,   0% used [0x00000007e4c00000, 0x00000007e4c00000, 0x00000007e7860000)
  from space 5632K,  50% used [0x00000007e7860000, 0x00000007e7b26660, 0x00000007e7de0000)
  to   space 5632K,   0% used [0x00000007e7de0000, 0x00000007e7de0000, 0x00000007e8360000)
 tenured generation   total 113324K, used 97557K [0x00000007ec200000, 0x00000007f30ab000, 0x00000007fae00000)
   the space 113324K,  86% used [0x00000007ec200000, 0x00000007f21456c8, 0x00000007f2145800, 0x00000007f30ab000)
 compacting perm gen  total 22528K, used 22373K [0x00000007fae00000, 0x00000007fc400000, 0x0000000800000000)
   the space 22528K,  99% used [0x00000007fae00000, 0x00000007fc3d96e8, 0x00000007fc3d9800, 0x00000007fc400000)
No shared spaces configured.
}
Event: 14169.251 GC heap before
{Heap before GC invocations=796 (full 25):
 def new generation   total 51072K, used 48281K [0x00000007e4c00000, 0x00000007e8360000, 0x00000007ec200000)
  eden space 45440K, 100% used [0x00000007e4c00000, 0x00000007e7860000, 0x00000007e7860000)
  from space 5632K,  50% used [0x00000007e7860000, 0x00000007e7b26660, 0x00000007e7de0000)
  to   space 5632K,   0% used [0x00000007e7de0000, 0x00000007e7de0000, 0x00000007e8360000)
 tenured generation   total 113324K, used 97557K [0x00000007ec200000, 0x00000007f30ab000, 0x00000007fae00000)
   the space 113324K,  86% used [0x00000007ec200000, 0x00000007f21456c8, 0x00000007f2145800, 0x00000007f30ab000)
 compacting perm gen  total 22528K, used 22373K [0x00000007fae00000, 0x00000007fc400000, 0x0000000800000000)
   the space 22528K,  99% used [0x00000007fae00000, 0x00000007fc3d96e8, 0x00000007fc3d9800, 0x00000007fc400000)
No shared spaces configured.
Event: 14169.259 GC heap after
Heap after GC invocations=797 (full 25):
 def new generation   total 51072K, used 1892K [0x00000007e4c00000, 0x00000007e8360000, 0x00000007ec200000)
  eden space 45440K,   0% used [0x00000007e4c00000, 0x00000007e4c00000, 0x00000007e7860000)
  from space 5632K,  33% used [0x00000007e7de0000, 0x00000007e7fb9250, 0x00000007e8360000)
  to   space 5632K,   0% used [0x00000007e7860000, 0x00000007e7860000, 0x00000007e7de0000)
 tenured generation   total 113324K, used 97761K [0x00000007ec200000, 0x00000007f30ab000, 0x00000007fae00000)
   the space 113324K,  86% used [0x00000007ec200000, 0x00000007f21784f8, 0x00000007f2178600, 0x00000007f30ab000)
 compacting perm gen  total 22528K, used 22373K [0x00000007fae00000, 0x00000007fc400000, 0x0000000800000000)
   the space 22528K,  99% used [0x00000007fae00000, 0x00000007fc3d96e8, 0x00000007fc3d9800, 0x00000007fc400000)
No shared spaces configured.
}
Event: 14226.606 GC heap before
{Heap before GC invocations=797 (full 25):
 def new generation   total 51072K, used 47332K [0x00000007e4c00000, 0x00000007e8360000, 0x00000007ec200000)
  eden space 45440K, 100% used [0x00000007e4c00000, 0x00000007e7860000, 0x00000007e7860000)
  from space 5632K,  33% used [0x00000007e7de0000, 0x00000007e7fb9250, 0x00000007e8360000)
  to   space 5632K,   0% used [0x00000007e7860000, 0x00000007e7860000, 0x00000007e7de0000)
 tenured generation   total 113324K, used 97761K [0x00000007ec200000, 0x00000007f30ab000, 0x00000007fae00000)
   the space 113324K,  86% used [0x00000007ec200000, 0x00000007f21784f8, 0x00000007f2178600, 0x00000007f30ab000)
 compacting perm gen  total 22528K, used 22373K [0x00000007fae00000, 0x00000007fc400000, 0x0000000800000000)
   the space 22528K,  99% used [0x00000007fae00000, 0x00000007fc3d96e8, 0x00000007fc3d9800, 0x00000007fc400000)
No shared spaces configured.
Event: 14226.615 GC heap after
Heap after GC invocations=798 (full 25):
 def new generation   total 51072K, used 2950K [0x00000007e4c00000, 0x00000007e8360000, 0x00000007ec200000)
  eden space 45440K,   0% used [0x00000007e4c00000, 0x00000007e4c00000, 0x00000007e7860000)
  from space 5632K,  52% used [0x00000007e7860000, 0x00000007e7b418e0, 0x00000007e7de0000)
  to   space 5632K,   0% used [0x00000007e7de0000, 0x00000007e7de0000, 0x00000007e8360000)
 tenured generation   total 113324K, used 97761K [0x00000007ec200000, 0x00000007f30ab000, 0x00000007fae00000)
   the space 113324K,  86% used [0x00000007ec200000, 0x00000007f21784f8, 0x00000007f2178600, 0x00000007f30ab000)
 compacting perm gen  total 22528K, used 22373K [0x00000007fae00000, 0x00000007fc400000, 0x0000000800000000)
   the space 22528K,  99% used [0x00000007fae00000, 0x00000007fc3d96e8, 0x00000007fc3d9800, 0x00000007fc400000)
No shared spaces configured.
}

